INFO  | 2023-01-04 10:38:34 | [main] service.AccountServiceImpl (AccountServiceImpl.java:43) - time taken to execute transfer method is :0 ms
INFO  | 2023-01-04 11:09:22 | [main] aspect.BankAppLoggingAspect (BankAppLoggingAspect.java:32) - time taken to execute transfer method is :1 ms
INFO  | 2023-01-04 11:13:59 | [main] aspect.BankAppLoggingAspect (BankAppLoggingAspect.java:48) - time taken to execute transfer method is :2 ms
INFO  | 2023-01-04 11:15:48 | [main] aspect.BankAppLoggingAspect (BankAppLoggingAspect.java:50) - time taken to execute transfer method is :2 ms
INFO  | 2023-01-04 11:17:01 | [main] aspect.BankAppLoggingAspect (BankAppLoggingAspect.java:31) - time taken to execute transfer method is :0 ms
INFO  | 2023-01-04 11:20:11 | [main] aspect.BankAppLoggingAspect (BankAppLoggingAspect.java:31) - time taken to execute transfer method is :0 ms
INFO  | 2023-01-04 11:20:11 | [main] aspect.BankAppLoggingAspect (BankAppLoggingAspect.java:31) - time taken to execute transfer method is :0 ms
INFO  | 2023-01-04 11:20:11 | [main] aspect.BankAppLoggingAspect (BankAppLoggingAspect.java:31) - time taken to execute transfer method is :0 ms
INFO  | 2023-01-04 11:21:07 | [main] aspect.BankAppLoggingAspect (BankAppLoggingAspect.java:31) - time taken to execute getAll method is :3 ms
INFO  | 2023-01-04 11:21:07 | [main] aspect.BankAppLoggingAspect (BankAppLoggingAspect.java:31) - time taken to execute transfer method is :0 ms
INFO  | 2023-01-04 11:21:07 | [main] aspect.BankAppLoggingAspect (BankAppLoggingAspect.java:31) - time taken to execute getAll method is :0 ms
INFO  | 2023-01-04 11:30:29 | [main] aspect.BankAppLoggingAspect (BankAppLoggingAspect.java:35) - time taken to execute getAll method is :0 ms
INFO  | 2023-01-04 11:30:29 | [main] aspect.BankAppLoggingAspect (BankAppLoggingAspect.java:35) - time taken to execute getAll method is :41 ms
INFO  | 2023-01-04 11:30:29 | [main] aspect.BankAppLoggingAspect (BankAppLoggingAspect.java:35) - time taken to execute getById method is :0 ms
INFO  | 2023-01-04 11:30:29 | [main] aspect.BankAppLoggingAspect (BankAppLoggingAspect.java:35) - time taken to execute getById method is :0 ms
INFO  | 2023-01-04 11:30:29 | [main] aspect.BankAppLoggingAspect (BankAppLoggingAspect.java:35) - time taken to execute updateAccount method is :0 ms
INFO  | 2023-01-04 11:30:29 | [main] aspect.BankAppLoggingAspect (BankAppLoggingAspect.java:35) - time taken to execute updateAccount method is :0 ms
INFO  | 2023-01-04 11:30:29 | [main] aspect.BankAppLoggingAspect (BankAppLoggingAspect.java:35) - time taken to execute transfer method is :3 ms
INFO  | 2023-01-04 11:30:29 | [main] aspect.BankAppLoggingAspect (BankAppLoggingAspect.java:35) - time taken to execute getAll method is :1 ms
INFO  | 2023-01-04 11:30:29 | [main] aspect.BankAppLoggingAspect (BankAppLoggingAspect.java:35) - time taken to execute getAll method is :2 ms
INFO  | 2023-01-04 11:35:29 | [main] aspect.BankAppLoggingAspect (BankAppLoggingAspect.java:36) - time taken to execute transfer method is :0 ms
INFO  | 2023-01-04 11:35:52 | [main] aspect.BankAppLoggingAspect (BankAppLoggingAspect.java:36) - time taken to execute getAll method is :1 ms
INFO  | 2023-01-04 11:35:52 | [main] aspect.BankAppLoggingAspect (BankAppLoggingAspect.java:36) - time taken to execute getAll method is :24 ms
INFO  | 2023-01-04 11:35:52 | [main] aspect.BankAppLoggingAspect (BankAppLoggingAspect.java:36) - time taken to execute getById method is :0 ms
INFO  | 2023-01-04 11:35:52 | [main] aspect.BankAppLoggingAspect (BankAppLoggingAspect.java:36) - time taken to execute getById method is :0 ms
INFO  | 2023-01-04 11:35:52 | [main] aspect.BankAppLoggingAspect (BankAppLoggingAspect.java:36) - time taken to execute updateAccount method is :0 ms
INFO  | 2023-01-04 11:35:52 | [main] aspect.BankAppLoggingAspect (BankAppLoggingAspect.java:36) - time taken to execute updateAccount method is :0 ms
INFO  | 2023-01-04 11:35:52 | [main] aspect.BankAppLoggingAspect (BankAppLoggingAspect.java:36) - time taken to execute transfer method is :5 ms
INFO  | 2023-01-04 11:35:52 | [main] aspect.BankAppLoggingAspect (BankAppLoggingAspect.java:36) - time taken to execute getAll method is :0 ms
INFO  | 2023-01-04 11:35:52 | [main] aspect.BankAppLoggingAspect (BankAppLoggingAspect.java:36) - time taken to execute getAll method is :1 ms
INFO  | 2023-01-04 11:36:21 | [main] aspect.BankAppLoggingAspect (BankAppLoggingAspect.java:36) - time taken to execute transfer method is :0 ms
INFO  | 2023-01-04 11:36:35 | [main] aspect.BankAppLoggingAspect (BankAppLoggingAspect.java:36) - time taken to execute transfer method is :0 ms
INFO  | 2023-01-04 11:36:55 | [main] aspect.BankAppLoggingAspect (BankAppLoggingAspect.java:36) - time taken to execute getAll method is :0 ms
INFO  | 2023-01-04 11:36:55 | [main] aspect.BankAppLoggingAspect (BankAppLoggingAspect.java:36) - time taken to execute transfer method is :0 ms
INFO  | 2023-01-04 11:36:55 | [main] aspect.BankAppLoggingAspect (BankAppLoggingAspect.java:36) - time taken to execute getAll method is :0 ms
