INFO  | 2023-01-04 10:38:34 | [main] service.AccountServiceImpl (AccountServiceImpl.java:43) - time taken to execute transfer method is :0 ms
INFO  | 2023-01-04 11:09:22 | [main] aspect.BankAppLoggingAspect (BankAppLoggingAspect.java:32) - time taken to execute transfer method is :1 ms
INFO  | 2023-01-04 11:13:59 | [main] aspect.BankAppLoggingAspect (BankAppLoggingAspect.java:48) - time taken to execute transfer method is :2 ms
INFO  | 2023-01-04 11:15:48 | [main] aspect.BankAppLoggingAspect (BankAppLoggingAspect.java:50) - time taken to execute transfer method is :2 ms
INFO  | 2023-01-04 11:17:01 | [main] aspect.BankAppLoggingAspect (BankAppLoggingAspect.java:31) - time taken to execute transfer method is :0 ms
INFO  | 2023-01-04 11:20:11 | [main] aspect.BankAppLoggingAspect (BankAppLoggingAspect.java:31) - time taken to execute transfer method is :0 ms
INFO  | 2023-01-04 11:20:11 | [main] aspect.BankAppLoggingAspect (BankAppLoggingAspect.java:31) - time taken to execute transfer method is :0 ms
INFO  | 2023-01-04 11:20:11 | [main] aspect.BankAppLoggingAspect (BankAppLoggingAspect.java:31) - time taken to execute transfer method is :0 ms
INFO  | 2023-01-04 11:21:07 | [main] aspect.BankAppLoggingAspect (BankAppLoggingAspect.java:31) - time taken to execute getAll method is :3 ms
INFO  | 2023-01-04 11:21:07 | [main] aspect.BankAppLoggingAspect (BankAppLoggingAspect.java:31) - time taken to execute transfer method is :0 ms
INFO  | 2023-01-04 11:21:07 | [main] aspect.BankAppLoggingAspect (BankAppLoggingAspect.java:31) - time taken to execute getAll method is :0 ms
INFO  | 2023-01-04 11:30:29 | [main] aspect.BankAppLoggingAspect (BankAppLoggingAspect.java:35) - time taken to execute getAll method is :0 ms
INFO  | 2023-01-04 11:30:29 | [main] aspect.BankAppLoggingAspect (BankAppLoggingAspect.java:35) - time taken to execute getAll method is :41 ms
INFO  | 2023-01-04 11:30:29 | [main] aspect.BankAppLoggingAspect (BankAppLoggingAspect.java:35) - time taken to execute getById method is :0 ms
INFO  | 2023-01-04 11:30:29 | [main] aspect.BankAppLoggingAspect (BankAppLoggingAspect.java:35) - time taken to execute getById method is :0 ms
INFO  | 2023-01-04 11:30:29 | [main] aspect.BankAppLoggingAspect (BankAppLoggingAspect.java:35) - time taken to execute updateAccount method is :0 ms
INFO  | 2023-01-04 11:30:29 | [main] aspect.BankAppLoggingAspect (BankAppLoggingAspect.java:35) - time taken to execute updateAccount method is :0 ms
INFO  | 2023-01-04 11:30:29 | [main] aspect.BankAppLoggingAspect (BankAppLoggingAspect.java:35) - time taken to execute transfer method is :3 ms
INFO  | 2023-01-04 11:30:29 | [main] aspect.BankAppLoggingAspect (BankAppLoggingAspect.java:35) - time taken to execute getAll method is :1 ms
INFO  | 2023-01-04 11:30:29 | [main] aspect.BankAppLoggingAspect (BankAppLoggingAspect.java:35) - time taken to execute getAll method is :2 ms
INFO  | 2023-01-04 11:35:29 | [main] aspect.BankAppLoggingAspect (BankAppLoggingAspect.java:36) - time taken to execute transfer method is :0 ms
INFO  | 2023-01-04 11:35:52 | [main] aspect.BankAppLoggingAspect (BankAppLoggingAspect.java:36) - time taken to execute getAll method is :1 ms
INFO  | 2023-01-04 11:35:52 | [main] aspect.BankAppLoggingAspect (BankAppLoggingAspect.java:36) - time taken to execute getAll method is :24 ms
INFO  | 2023-01-04 11:35:52 | [main] aspect.BankAppLoggingAspect (BankAppLoggingAspect.java:36) - time taken to execute getById method is :0 ms
INFO  | 2023-01-04 11:35:52 | [main] aspect.BankAppLoggingAspect (BankAppLoggingAspect.java:36) - time taken to execute getById method is :0 ms
INFO  | 2023-01-04 11:35:52 | [main] aspect.BankAppLoggingAspect (BankAppLoggingAspect.java:36) - time taken to execute updateAccount method is :0 ms
INFO  | 2023-01-04 11:35:52 | [main] aspect.BankAppLoggingAspect (BankAppLoggingAspect.java:36) - time taken to execute updateAccount method is :0 ms
INFO  | 2023-01-04 11:35:52 | [main] aspect.BankAppLoggingAspect (BankAppLoggingAspect.java:36) - time taken to execute transfer method is :5 ms
INFO  | 2023-01-04 11:35:52 | [main] aspect.BankAppLoggingAspect (BankAppLoggingAspect.java:36) - time taken to execute getAll method is :0 ms
INFO  | 2023-01-04 11:35:52 | [main] aspect.BankAppLoggingAspect (BankAppLoggingAspect.java:36) - time taken to execute getAll method is :1 ms
INFO  | 2023-01-04 11:36:21 | [main] aspect.BankAppLoggingAspect (BankAppLoggingAspect.java:36) - time taken to execute transfer method is :0 ms
INFO  | 2023-01-04 11:36:35 | [main] aspect.BankAppLoggingAspect (BankAppLoggingAspect.java:36) - time taken to execute transfer method is :0 ms
INFO  | 2023-01-04 11:36:55 | [main] aspect.BankAppLoggingAspect (BankAppLoggingAspect.java:36) - time taken to execute getAll method is :0 ms
INFO  | 2023-01-04 11:36:55 | [main] aspect.BankAppLoggingAspect (BankAppLoggingAspect.java:36) - time taken to execute transfer method is :0 ms
INFO  | 2023-01-04 11:36:55 | [main] aspect.BankAppLoggingAspect (BankAppLoggingAspect.java:36) - time taken to execute getAll method is :0 ms
WARN  | 2023-01-04 12:07:56 | [main] support.AbstractApplicationContext (AbstractApplicationContext.java:558) - Exception encountered during context initialization - cancelling refresh attempt: org.springframework.beans.factory.BeanCreationException: Error creating bean with name 'txMgr' defined in class path resource [bankapp.xml]: Error setting property values; nested exception is org.springframework.beans.NotWritablePropertyException: Invalid property 'datasource' of bean class [org.springframework.jdbc.datasource.DataSourceTransactionManager]: Bean property 'datasource' is not writable or has an invalid setter method. Did you mean 'dataSource'?
INFO  | 2023-01-04 12:10:11 | [main] aspect.BankAppLoggingAspect (BankAppLoggingAspect.java:36) - time taken to execute getAll method is :457 ms
INFO  | 2023-01-04 12:24:04 | [main] aspect.BankAppLoggingAspect (BankAppLoggingAspect.java:36) - time taken to execute getAll method is :486 ms
INFO  | 2023-01-04 12:27:48 | [main] aspect.BankAppLoggingAspect (BankAppLoggingAspect.java:36) - time taken to execute getAll method is :713 ms
INFO  | 2023-01-04 12:29:30 | [main] aspect.BankAppLoggingAspect (BankAppLoggingAspect.java:36) - time taken to execute getAll method is :412 ms
INFO  | 2023-01-04 12:29:31 | [main] aspect.BankAppLoggingAspect (BankAppLoggingAspect.java:36) - time taken to execute transfer method is :202 ms
INFO  | 2023-01-04 12:29:31 | [main] aspect.BankAppLoggingAspect (BankAppLoggingAspect.java:36) - time taken to execute getAll method is :25 ms
INFO  | 2023-01-04 12:30:45 | [main] aspect.BankAppLoggingAspect (BankAppLoggingAspect.java:36) - time taken to execute getAll method is :565 ms
INFO  | 2023-01-04 12:31:05 | [main] aspect.BankAppLoggingAspect (BankAppLoggingAspect.java:36) - time taken to execute getAll method is :436 ms
INFO  | 2023-01-04 12:32:09 | [main] aspect.BankAppLoggingAspect (BankAppLoggingAspect.java:36) - time taken to execute getAll method is :28 ms
INFO  | 2023-01-04 12:41:50 | [main] aspect.BankAppLoggingAspect (BankAppLoggingAspect.java:36) - time taken to execute getAll method is :32 ms
INFO  | 2023-01-04 12:43:33 | [main] aspect.BankAppLoggingAspect (BankAppLoggingAspect.java:36) - time taken to execute getAll method is :27 ms
INFO  | 2023-01-04 12:46:22 | [main] aspect.BankAppLoggingAspect (BankAppLoggingAspect.java:36) - time taken to execute getAll method is :28 ms
INFO  | 2023-01-04 12:47:39 | [main] aspect.BankAppLoggingAspect (BankAppLoggingAspect.java:36) - time taken to execute getAll method is :34 ms
INFO  | 2023-01-05 09:28:57 | [main] aspect.BankAppLoggingAspect (BankAppLoggingAspect.java:36) - time taken to execute getAll method is :60 ms
INFO  | 2023-01-05 09:30:04 | [main] aspect.BankAppLoggingAspect (BankAppLoggingAspect.java:36) - time taken to execute getAll method is :33 ms
INFO  | 2023-01-05 09:30:04 | [main] aspect.BankAppLoggingAspect (BankAppLoggingAspect.java:36) - time taken to execute transfer method is :139 ms
INFO  | 2023-01-05 09:30:04 | [main] aspect.BankAppLoggingAspect (BankAppLoggingAspect.java:36) - time taken to execute getAll method is :8 ms
INFO  | 2023-01-05 09:33:17 | [main] aspect.BankAppLoggingAspect (BankAppLoggingAspect.java:36) - time taken to execute getAll method is :43 ms
INFO  | 2023-01-05 09:34:32 | [main] aspect.BankAppLoggingAspect (BankAppLoggingAspect.java:36) - time taken to execute getAll method is :31 ms
INFO  | 2023-01-05 09:35:12 | [main] aspect.BankAppLoggingAspect (BankAppLoggingAspect.java:36) - time taken to execute getAll method is :28 ms
INFO  | 2023-01-05 09:39:55 | [main] aspect.BankAppLoggingAspect (BankAppLoggingAspect.java:36) - time taken to execute getAll method is :30 ms
INFO  | 2023-01-05 09:42:14 | [main] aspect.BankAppLoggingAspect (BankAppLoggingAspect.java:36) - time taken to execute getAll method is :59 ms
INFO  | 2023-01-05 10:07:45 | [main] aspect.BankAppLoggingAspect (BankAppLoggingAspect.java:36) - time taken to execute addRecord method is :49 ms
INFO  | 2023-01-05 10:28:16 | [main] aspect.BankAppLoggingAspect (BankAppLoggingAspect.java:27) - time taken to execute transfer method is :60 ms
INFO  | 2023-01-05 10:28:16 | [main] aspect.BankAppLoggingAspect (BankAppLoggingAspect.java:27) - time taken to execute addRecord method is :2 ms
INFO  | 2023-01-05 10:28:16 | [main] aspect.BankAppLoggingAspect (BankAppLoggingAspect.java:27) - time taken to execute transfer method is :85 ms
INFO  | 2023-01-05 10:31:06 | [main] aspect.BankAppLoggingAspect (BankAppLoggingAspect.java:27) - time taken to execute transfer method is :68 ms
INFO  | 2023-01-05 10:33:34 | [main] aspect.BankAppLoggingAspect (BankAppLoggingAspect.java:27) - time taken to execute transfer method is :68 ms
INFO  | 2023-01-05 10:36:08 | [main] aspect.BankAppLoggingAspect (BankAppLoggingAspect.java:27) - time taken to execute transfer method is :83 ms
INFO  | 2023-01-05 10:36:08 | [main] aspect.BankAppLoggingAspect (BankAppLoggingAspect.java:27) - time taken to execute addRecord method is :2 ms
