INFO  | 2023-01-05 08:22:22 | [main] hibernate.Version (Version.java:46) - HHH000412: Hibernate Core {5.4.9.Final}
WARN  | 2023-01-05 08:22:22 | [main] stax.LocalXmlResourceResolver (LocalXmlResourceResolver.java:91) - HHH90000012: Recognized obsolete hibernate namespace http://hibernate.sourceforge.net/hibernate-configuration. Use namespace http://www.hibernate.org/dtd/hibernate-configuration instead.  Support for obsolete DTD/XSD namespaces may be removed at any time.
INFO  | 2023-01-05 08:22:23 | [main] java.JavaReflectionManager (JavaReflectionManager.java:49) - HCANN000001: Hibernate Commons Annotations {5.1.0.Final}
WARN  | 2023-01-05 08:22:23 | [main] internal.DriverManagerConnectionProviderImpl (DriverManagerConnectionProviderImpl.java:72) - HHH10001002: Using Hibernate built-in connection pool (not for production use!)
INFO  | 2023-01-05 08:22:23 | [main] internal.DriverManagerConnectionProviderImpl (DriverManagerConnectionProviderImpl.java:115) - HHH10001005: using driver [com.mysql.cj.jdbc.Driver] at URL [jdbc:mysql://localhost:3306/custapp]
INFO  | 2023-01-05 08:22:23 | [main] internal.DriverManagerConnectionProviderImpl (DriverManagerConnectionProviderImpl.java:124) - HHH10001001: Connection properties: {password=****, user=root}
INFO  | 2023-01-05 08:22:23 | [main] internal.DriverManagerConnectionProviderImpl (DriverManagerConnectionProviderImpl.java:129) - HHH10001003: Autocommit mode: false
INFO  | 2023-01-05 08:22:23 | [main] internal.DriverManagerConnectionProviderImpl$PooledConnections (DriverManagerConnectionProviderImpl.java:249) - HHH000115: Hibernate connection pool size: 1 (min=1)
INFO  | 2023-01-05 08:22:24 | [main] dialect.Dialect (Dialect.java:172) - HHH000400: Using dialect: org.hibernate.dialect.MySQL57Dialect
INFO  | 2023-01-05 08:22:40 | [main] hibernate.Version (Version.java:46) - HHH000412: Hibernate Core {5.4.9.Final}
WARN  | 2023-01-05 08:22:40 | [main] stax.LocalXmlResourceResolver (LocalXmlResourceResolver.java:91) - HHH90000012: Recognized obsolete hibernate namespace http://hibernate.sourceforge.net/hibernate-configuration. Use namespace http://www.hibernate.org/dtd/hibernate-configuration instead.  Support for obsolete DTD/XSD namespaces may be removed at any time.
INFO  | 2023-01-05 08:22:40 | [main] java.JavaReflectionManager (JavaReflectionManager.java:49) - HCANN000001: Hibernate Commons Annotations {5.1.0.Final}
WARN  | 2023-01-05 08:22:40 | [main] internal.DriverManagerConnectionProviderImpl (DriverManagerConnectionProviderImpl.java:72) - HHH10001002: Using Hibernate built-in connection pool (not for production use!)
INFO  | 2023-01-05 08:22:40 | [main] internal.DriverManagerConnectionProviderImpl (DriverManagerConnectionProviderImpl.java:115) - HHH10001005: using driver [com.mysql.cj.jdbc.Driver] at URL [jdbc:mysql://localhost:3306/custapp]
INFO  | 2023-01-05 08:22:40 | [main] internal.DriverManagerConnectionProviderImpl (DriverManagerConnectionProviderImpl.java:124) - HHH10001001: Connection properties: {password=****, user=root}
INFO  | 2023-01-05 08:22:40 | [main] internal.DriverManagerConnectionProviderImpl (DriverManagerConnectionProviderImpl.java:129) - HHH10001003: Autocommit mode: false
INFO  | 2023-01-05 08:22:40 | [main] internal.DriverManagerConnectionProviderImpl$PooledConnections (DriverManagerConnectionProviderImpl.java:249) - HHH000115: Hibernate connection pool size: 1 (min=1)
INFO  | 2023-01-05 08:22:41 | [main] dialect.Dialect (Dialect.java:172) - HHH000400: Using dialect: org.hibernate.dialect.MySQL57Dialect
INFO  | 2023-01-05 08:22:41 | [main] internal.DdlTransactionIsolatorNonJtaImpl (DdlTransactionIsolatorNonJtaImpl.java:47) - HHH10001501: Connection obtained from JdbcConnectionAccess [org.hibernate.engine.jdbc.env.internal.JdbcEnvironmentInitiator$ConnectionProviderJdbcConnectionAccess@2274160] for (non-JTA) DDL execution was not in auto-commit mode; the Connection 'local transaction' will be committed and the Connection will be set into auto-commit mode.
INFO  | 2023-01-05 08:22:41 | [main] internal.JtaPlatformInitiator (JtaPlatformInitiator.java:52) - HHH000490: Using JtaPlatform implementation: [org.hibernate.engine.transaction.jta.platform.internal.NoJtaPlatform]
INFO  | 2023-01-05 12:51:49 | [main] hibernate.Version (Version.java:46) - HHH000412: Hibernate Core {5.4.9.Final}
WARN  | 2023-01-05 12:51:49 | [main] stax.LocalXmlResourceResolver (LocalXmlResourceResolver.java:91) - HHH90000012: Recognized obsolete hibernate namespace http://hibernate.sourceforge.net/hibernate-configuration. Use namespace http://www.hibernate.org/dtd/hibernate-configuration instead.  Support for obsolete DTD/XSD namespaces may be removed at any time.
INFO  | 2023-01-05 12:51:50 | [main] java.JavaReflectionManager (JavaReflectionManager.java:49) - HCANN000001: Hibernate Commons Annotations {5.1.0.Final}
WARN  | 2023-01-05 12:51:50 | [main] internal.DriverManagerConnectionProviderImpl (DriverManagerConnectionProviderImpl.java:72) - HHH10001002: Using Hibernate built-in connection pool (not for production use!)
INFO  | 2023-01-05 12:51:50 | [main] internal.DriverManagerConnectionProviderImpl (DriverManagerConnectionProviderImpl.java:115) - HHH10001005: using driver [com.mysql.cj.jdbc.Driver] at URL [jdbc:mysql://localhost:3306/hibdemo]
INFO  | 2023-01-05 12:51:50 | [main] internal.DriverManagerConnectionProviderImpl (DriverManagerConnectionProviderImpl.java:124) - HHH10001001: Connection properties: {password=****, user=root}
INFO  | 2023-01-05 12:51:50 | [main] internal.DriverManagerConnectionProviderImpl (DriverManagerConnectionProviderImpl.java:129) - HHH10001003: Autocommit mode: false
INFO  | 2023-01-05 12:51:50 | [main] internal.DriverManagerConnectionProviderImpl$PooledConnections (DriverManagerConnectionProviderImpl.java:249) - HHH000115: Hibernate connection pool size: 1 (min=1)
INFO  | 2023-01-05 12:51:50 | [main] dialect.Dialect (Dialect.java:172) - HHH000400: Using dialect: org.hibernate.dialect.MySQL57Dialect
INFO  | 2023-01-05 12:51:51 | [main] internal.DdlTransactionIsolatorNonJtaImpl (DdlTransactionIsolatorNonJtaImpl.java:47) - HHH10001501: Connection obtained from JdbcConnectionAccess [org.hibernate.engine.jdbc.env.internal.JdbcEnvironmentInitiator$ConnectionProviderJdbcConnectionAccess@5348d83c] for (non-JTA) DDL execution was not in auto-commit mode; the Connection 'local transaction' will be committed and the Connection will be set into auto-commit mode.
INFO  | 2023-01-05 12:51:51 | [main] internal.DdlTransactionIsolatorNonJtaImpl (DdlTransactionIsolatorNonJtaImpl.java:47) - HHH10001501: Connection obtained from JdbcConnectionAccess [org.hibernate.engine.jdbc.env.internal.JdbcEnvironmentInitiator$ConnectionProviderJdbcConnectionAccess@1f71194d] for (non-JTA) DDL execution was not in auto-commit mode; the Connection 'local transaction' will be committed and the Connection will be set into auto-commit mode.
INFO  | 2023-01-05 12:51:51 | [main] internal.JtaPlatformInitiator (JtaPlatformInitiator.java:52) - HHH000490: Using JtaPlatform implementation: [org.hibernate.engine.transaction.jta.platform.internal.NoJtaPlatform]
INFO  | 2023-01-05 12:51:51 | [main] internal.DriverManagerConnectionProviderImpl$PoolState (DriverManagerConnectionProviderImpl.java:418) - HHH10001008: Cleaning up connection pool [jdbc:mysql://localhost:3306/hibdemo]
INFO  | 2023-01-05 12:54:58 | [main] hibernate.Version (Version.java:46) - HHH000412: Hibernate Core {5.4.9.Final}
WARN  | 2023-01-05 12:54:58 | [main] stax.LocalXmlResourceResolver (LocalXmlResourceResolver.java:91) - HHH90000012: Recognized obsolete hibernate namespace http://hibernate.sourceforge.net/hibernate-configuration. Use namespace http://www.hibernate.org/dtd/hibernate-configuration instead.  Support for obsolete DTD/XSD namespaces may be removed at any time.
INFO  | 2023-01-05 12:54:59 | [main] java.JavaReflectionManager (JavaReflectionManager.java:49) - HCANN000001: Hibernate Commons Annotations {5.1.0.Final}
WARN  | 2023-01-05 12:54:59 | [main] internal.DriverManagerConnectionProviderImpl (DriverManagerConnectionProviderImpl.java:72) - HHH10001002: Using Hibernate built-in connection pool (not for production use!)
INFO  | 2023-01-05 12:54:59 | [main] internal.DriverManagerConnectionProviderImpl (DriverManagerConnectionProviderImpl.java:115) - HHH10001005: using driver [com.mysql.cj.jdbc.Driver] at URL [jdbc:mysql://localhost:3306/hibdemo]
INFO  | 2023-01-05 12:54:59 | [main] internal.DriverManagerConnectionProviderImpl (DriverManagerConnectionProviderImpl.java:124) - HHH10001001: Connection properties: {password=****, user=root}
INFO  | 2023-01-05 12:54:59 | [main] internal.DriverManagerConnectionProviderImpl (DriverManagerConnectionProviderImpl.java:129) - HHH10001003: Autocommit mode: false
INFO  | 2023-01-05 12:54:59 | [main] internal.DriverManagerConnectionProviderImpl$PooledConnections (DriverManagerConnectionProviderImpl.java:249) - HHH000115: Hibernate connection pool size: 1 (min=1)
INFO  | 2023-01-05 12:54:59 | [main] dialect.Dialect (Dialect.java:172) - HHH000400: Using dialect: org.hibernate.dialect.MySQL57Dialect
INFO  | 2023-01-05 12:55:00 | [main] internal.DdlTransactionIsolatorNonJtaImpl (DdlTransactionIsolatorNonJtaImpl.java:47) - HHH10001501: Connection obtained from JdbcConnectionAccess [org.hibernate.engine.jdbc.env.internal.JdbcEnvironmentInitiator$ConnectionProviderJdbcConnectionAccess@6010d0d1] for (non-JTA) DDL execution was not in auto-commit mode; the Connection 'local transaction' will be committed and the Connection will be set into auto-commit mode.
INFO  | 2023-01-05 12:55:00 | [main] internal.JtaPlatformInitiator (JtaPlatformInitiator.java:52) - HHH000490: Using JtaPlatform implementation: [org.hibernate.engine.transaction.jta.platform.internal.NoJtaPlatform]
INFO  | 2023-01-05 12:55:00 | [main] internal.DriverManagerConnectionProviderImpl$PoolState (DriverManagerConnectionProviderImpl.java:418) - HHH10001008: Cleaning up connection pool [jdbc:mysql://localhost:3306/hibdemo]
INFO  | 2023-01-05 13:02:48 | [main] hibernate.Version (Version.java:46) - HHH000412: Hibernate Core {5.4.9.Final}
WARN  | 2023-01-05 13:02:48 | [main] stax.LocalXmlResourceResolver (LocalXmlResourceResolver.java:91) - HHH90000012: Recognized obsolete hibernate namespace http://hibernate.sourceforge.net/hibernate-configuration. Use namespace http://www.hibernate.org/dtd/hibernate-configuration instead.  Support for obsolete DTD/XSD namespaces may be removed at any time.
INFO  | 2023-01-05 13:02:48 | [main] java.JavaReflectionManager (JavaReflectionManager.java:49) - HCANN000001: Hibernate Commons Annotations {5.1.0.Final}
WARN  | 2023-01-05 13:02:49 | [main] internal.DriverManagerConnectionProviderImpl (DriverManagerConnectionProviderImpl.java:72) - HHH10001002: Using Hibernate built-in connection pool (not for production use!)
INFO  | 2023-01-05 13:02:49 | [main] internal.DriverManagerConnectionProviderImpl (DriverManagerConnectionProviderImpl.java:115) - HHH10001005: using driver [com.mysql.cj.jdbc.Driver] at URL [jdbc:mysql://localhost:3306/hibdemo]
INFO  | 2023-01-05 13:02:49 | [main] internal.DriverManagerConnectionProviderImpl (DriverManagerConnectionProviderImpl.java:124) - HHH10001001: Connection properties: {password=****, user=root}
INFO  | 2023-01-05 13:02:49 | [main] internal.DriverManagerConnectionProviderImpl (DriverManagerConnectionProviderImpl.java:129) - HHH10001003: Autocommit mode: false
INFO  | 2023-01-05 13:02:49 | [main] internal.DriverManagerConnectionProviderImpl$PooledConnections (DriverManagerConnectionProviderImpl.java:249) - HHH000115: Hibernate connection pool size: 1 (min=1)
INFO  | 2023-01-05 13:02:49 | [main] dialect.Dialect (Dialect.java:172) - HHH000400: Using dialect: org.hibernate.dialect.MySQL57Dialect
INFO  | 2023-01-05 13:02:50 | [main] internal.DdlTransactionIsolatorNonJtaImpl (DdlTransactionIsolatorNonJtaImpl.java:47) - HHH10001501: Connection obtained from JdbcConnectionAccess [org.hibernate.engine.jdbc.env.internal.JdbcEnvironmentInitiator$ConnectionProviderJdbcConnectionAccess@5934ca1e] for (non-JTA) DDL execution was not in auto-commit mode; the Connection 'local transaction' will be committed and the Connection will be set into auto-commit mode.
INFO  | 2023-01-05 13:02:50 | [main] internal.JtaPlatformInitiator (JtaPlatformInitiator.java:52) - HHH000490: Using JtaPlatform implementation: [org.hibernate.engine.transaction.jta.platform.internal.NoJtaPlatform]
INFO  | 2023-01-05 13:02:50 | [main] internal.DriverManagerConnectionProviderImpl$PoolState (DriverManagerConnectionProviderImpl.java:418) - HHH10001008: Cleaning up connection pool [jdbc:mysql://localhost:3306/hibdemo]
INFO  | 2023-01-05 13:03:57 | [main] hibernate.Version (Version.java:46) - HHH000412: Hibernate Core {5.4.9.Final}
WARN  | 2023-01-05 13:03:57 | [main] stax.LocalXmlResourceResolver (LocalXmlResourceResolver.java:91) - HHH90000012: Recognized obsolete hibernate namespace http://hibernate.sourceforge.net/hibernate-configuration. Use namespace http://www.hibernate.org/dtd/hibernate-configuration instead.  Support for obsolete DTD/XSD namespaces may be removed at any time.
INFO  | 2023-01-05 13:03:57 | [main] java.JavaReflectionManager (JavaReflectionManager.java:49) - HCANN000001: Hibernate Commons Annotations {5.1.0.Final}
WARN  | 2023-01-05 13:03:57 | [main] internal.DriverManagerConnectionProviderImpl (DriverManagerConnectionProviderImpl.java:72) - HHH10001002: Using Hibernate built-in connection pool (not for production use!)
INFO  | 2023-01-05 13:03:57 | [main] internal.DriverManagerConnectionProviderImpl (DriverManagerConnectionProviderImpl.java:115) - HHH10001005: using driver [com.mysql.cj.jdbc.Driver] at URL [jdbc:mysql://localhost:3306/hibdemo]
INFO  | 2023-01-05 13:03:57 | [main] internal.DriverManagerConnectionProviderImpl (DriverManagerConnectionProviderImpl.java:124) - HHH10001001: Connection properties: {password=****, user=root}
INFO  | 2023-01-05 13:03:57 | [main] internal.DriverManagerConnectionProviderImpl (DriverManagerConnectionProviderImpl.java:129) - HHH10001003: Autocommit mode: false
INFO  | 2023-01-05 13:03:57 | [main] internal.DriverManagerConnectionProviderImpl$PooledConnections (DriverManagerConnectionProviderImpl.java:249) - HHH000115: Hibernate connection pool size: 1 (min=1)
INFO  | 2023-01-05 13:03:58 | [main] dialect.Dialect (Dialect.java:172) - HHH000400: Using dialect: org.hibernate.dialect.MySQL57Dialect
INFO  | 2023-01-05 13:03:58 | [main] internal.DdlTransactionIsolatorNonJtaImpl (DdlTransactionIsolatorNonJtaImpl.java:47) - HHH10001501: Connection obtained from JdbcConnectionAccess [org.hibernate.engine.jdbc.env.internal.JdbcEnvironmentInitiator$ConnectionProviderJdbcConnectionAccess@5934ca1e] for (non-JTA) DDL execution was not in auto-commit mode; the Connection 'local transaction' will be committed and the Connection will be set into auto-commit mode.
INFO  | 2023-01-05 13:03:58 | [main] internal.JtaPlatformInitiator (JtaPlatformInitiator.java:52) - HHH000490: Using JtaPlatform implementation: [org.hibernate.engine.transaction.jta.platform.internal.NoJtaPlatform]
INFO  | 2023-01-05 13:03:58 | [main] internal.DriverManagerConnectionProviderImpl$PoolState (DriverManagerConnectionProviderImpl.java:418) - HHH10001008: Cleaning up connection pool [jdbc:mysql://localhost:3306/hibdemo]
INFO  | 2023-01-05 13:04:22 | [main] hibernate.Version (Version.java:46) - HHH000412: Hibernate Core {5.4.9.Final}
WARN  | 2023-01-05 13:04:22 | [main] stax.LocalXmlResourceResolver (LocalXmlResourceResolver.java:91) - HHH90000012: Recognized obsolete hibernate namespace http://hibernate.sourceforge.net/hibernate-configuration. Use namespace http://www.hibernate.org/dtd/hibernate-configuration instead.  Support for obsolete DTD/XSD namespaces may be removed at any time.
INFO  | 2023-01-05 13:04:22 | [main] java.JavaReflectionManager (JavaReflectionManager.java:49) - HCANN000001: Hibernate Commons Annotations {5.1.0.Final}
WARN  | 2023-01-05 13:04:22 | [main] internal.DriverManagerConnectionProviderImpl (DriverManagerConnectionProviderImpl.java:72) - HHH10001002: Using Hibernate built-in connection pool (not for production use!)
INFO  | 2023-01-05 13:04:22 | [main] internal.DriverManagerConnectionProviderImpl (DriverManagerConnectionProviderImpl.java:115) - HHH10001005: using driver [com.mysql.cj.jdbc.Driver] at URL [jdbc:mysql://localhost:3306/hibdemo]
INFO  | 2023-01-05 13:04:22 | [main] internal.DriverManagerConnectionProviderImpl (DriverManagerConnectionProviderImpl.java:124) - HHH10001001: Connection properties: {password=****, user=root}
INFO  | 2023-01-05 13:04:22 | [main] internal.DriverManagerConnectionProviderImpl (DriverManagerConnectionProviderImpl.java:129) - HHH10001003: Autocommit mode: false
INFO  | 2023-01-05 13:04:22 | [main] internal.DriverManagerConnectionProviderImpl$PooledConnections (DriverManagerConnectionProviderImpl.java:249) - HHH000115: Hibernate connection pool size: 1 (min=1)
INFO  | 2023-01-05 13:04:23 | [main] dialect.Dialect (Dialect.java:172) - HHH000400: Using dialect: org.hibernate.dialect.MySQL57Dialect
INFO  | 2023-01-05 13:04:23 | [main] internal.DdlTransactionIsolatorNonJtaImpl (DdlTransactionIsolatorNonJtaImpl.java:47) - HHH10001501: Connection obtained from JdbcConnectionAccess [org.hibernate.engine.jdbc.env.internal.JdbcEnvironmentInitiator$ConnectionProviderJdbcConnectionAccess@5934ca1e] for (non-JTA) DDL execution was not in auto-commit mode; the Connection 'local transaction' will be committed and the Connection will be set into auto-commit mode.
INFO  | 2023-01-05 13:04:23 | [main] internal.JtaPlatformInitiator (JtaPlatformInitiator.java:52) - HHH000490: Using JtaPlatform implementation: [org.hibernate.engine.transaction.jta.platform.internal.NoJtaPlatform]
INFO  | 2023-01-05 13:04:23 | [main] internal.DriverManagerConnectionProviderImpl$PoolState (DriverManagerConnectionProviderImpl.java:418) - HHH10001008: Cleaning up connection pool [jdbc:mysql://localhost:3306/hibdemo]
INFO  | 2023-01-05 13:06:18 | [main] hibernate.Version (Version.java:46) - HHH000412: Hibernate Core {5.4.9.Final}
WARN  | 2023-01-05 13:06:18 | [main] stax.LocalXmlResourceResolver (LocalXmlResourceResolver.java:91) - HHH90000012: Recognized obsolete hibernate namespace http://hibernate.sourceforge.net/hibernate-configuration. Use namespace http://www.hibernate.org/dtd/hibernate-configuration instead.  Support for obsolete DTD/XSD namespaces may be removed at any time.
INFO  | 2023-01-05 13:06:18 | [main] java.JavaReflectionManager (JavaReflectionManager.java:49) - HCANN000001: Hibernate Commons Annotations {5.1.0.Final}
WARN  | 2023-01-05 13:06:18 | [main] internal.DriverManagerConnectionProviderImpl (DriverManagerConnectionProviderImpl.java:72) - HHH10001002: Using Hibernate built-in connection pool (not for production use!)
INFO  | 2023-01-05 13:06:18 | [main] internal.DriverManagerConnectionProviderImpl (DriverManagerConnectionProviderImpl.java:115) - HHH10001005: using driver [com.mysql.cj.jdbc.Driver] at URL [jdbc:mysql://localhost:3306/hibdemo]
INFO  | 2023-01-05 13:06:18 | [main] internal.DriverManagerConnectionProviderImpl (DriverManagerConnectionProviderImpl.java:124) - HHH10001001: Connection properties: {password=****, user=root}
INFO  | 2023-01-05 13:06:18 | [main] internal.DriverManagerConnectionProviderImpl (DriverManagerConnectionProviderImpl.java:129) - HHH10001003: Autocommit mode: false
INFO  | 2023-01-05 13:06:18 | [main] internal.DriverManagerConnectionProviderImpl$PooledConnections (DriverManagerConnectionProviderImpl.java:249) - HHH000115: Hibernate connection pool size: 1 (min=1)
INFO  | 2023-01-05 13:06:19 | [main] dialect.Dialect (Dialect.java:172) - HHH000400: Using dialect: org.hibernate.dialect.MySQL57Dialect
INFO  | 2023-01-05 13:06:19 | [main] internal.DdlTransactionIsolatorNonJtaImpl (DdlTransactionIsolatorNonJtaImpl.java:47) - HHH10001501: Connection obtained from JdbcConnectionAccess [org.hibernate.engine.jdbc.env.internal.JdbcEnvironmentInitiator$ConnectionProviderJdbcConnectionAccess@5348d83c] for (non-JTA) DDL execution was not in auto-commit mode; the Connection 'local transaction' will be committed and the Connection will be set into auto-commit mode.
INFO  | 2023-01-05 13:06:19 | [main] internal.JtaPlatformInitiator (JtaPlatformInitiator.java:52) - HHH000490: Using JtaPlatform implementation: [org.hibernate.engine.transaction.jta.platform.internal.NoJtaPlatform]
INFO  | 2023-01-05 13:06:19 | [main] internal.DriverManagerConnectionProviderImpl$PoolState (DriverManagerConnectionProviderImpl.java:418) - HHH10001008: Cleaning up connection pool [jdbc:mysql://localhost:3306/hibdemo]
INFO  | 2023-01-05 13:06:30 | [main] hibernate.Version (Version.java:46) - HHH000412: Hibernate Core {5.4.9.Final}
WARN  | 2023-01-05 13:06:30 | [main] stax.LocalXmlResourceResolver (LocalXmlResourceResolver.java:91) - HHH90000012: Recognized obsolete hibernate namespace http://hibernate.sourceforge.net/hibernate-configuration. Use namespace http://www.hibernate.org/dtd/hibernate-configuration instead.  Support for obsolete DTD/XSD namespaces may be removed at any time.
INFO  | 2023-01-05 13:06:31 | [main] java.JavaReflectionManager (JavaReflectionManager.java:49) - HCANN000001: Hibernate Commons Annotations {5.1.0.Final}
WARN  | 2023-01-05 13:06:31 | [main] internal.DriverManagerConnectionProviderImpl (DriverManagerConnectionProviderImpl.java:72) - HHH10001002: Using Hibernate built-in connection pool (not for production use!)
INFO  | 2023-01-05 13:06:31 | [main] internal.DriverManagerConnectionProviderImpl (DriverManagerConnectionProviderImpl.java:115) - HHH10001005: using driver [com.mysql.cj.jdbc.Driver] at URL [jdbc:mysql://localhost:3306/hibdemo]
INFO  | 2023-01-05 13:06:31 | [main] internal.DriverManagerConnectionProviderImpl (DriverManagerConnectionProviderImpl.java:124) - HHH10001001: Connection properties: {password=****, user=root}
INFO  | 2023-01-05 13:06:31 | [main] internal.DriverManagerConnectionProviderImpl (DriverManagerConnectionProviderImpl.java:129) - HHH10001003: Autocommit mode: false
INFO  | 2023-01-05 13:06:31 | [main] internal.DriverManagerConnectionProviderImpl$PooledConnections (DriverManagerConnectionProviderImpl.java:249) - HHH000115: Hibernate connection pool size: 1 (min=1)
INFO  | 2023-01-05 13:06:31 | [main] dialect.Dialect (Dialect.java:172) - HHH000400: Using dialect: org.hibernate.dialect.MySQL57Dialect
INFO  | 2023-01-05 13:06:32 | [main] internal.DdlTransactionIsolatorNonJtaImpl (DdlTransactionIsolatorNonJtaImpl.java:47) - HHH10001501: Connection obtained from JdbcConnectionAccess [org.hibernate.engine.jdbc.env.internal.JdbcEnvironmentInitiator$ConnectionProviderJdbcConnectionAccess@5348d83c] for (non-JTA) DDL execution was not in auto-commit mode; the Connection 'local transaction' will be committed and the Connection will be set into auto-commit mode.
INFO  | 2023-01-05 13:06:32 | [main] internal.JtaPlatformInitiator (JtaPlatformInitiator.java:52) - HHH000490: Using JtaPlatform implementation: [org.hibernate.engine.transaction.jta.platform.internal.NoJtaPlatform]
INFO  | 2023-01-05 13:06:32 | [main] internal.DriverManagerConnectionProviderImpl$PoolState (DriverManagerConnectionProviderImpl.java:418) - HHH10001008: Cleaning up connection pool [jdbc:mysql://localhost:3306/hibdemo]
INFO  | 2023-01-05 13:06:58 | [main] hibernate.Version (Version.java:46) - HHH000412: Hibernate Core {5.4.9.Final}
WARN  | 2023-01-05 13:06:58 | [main] stax.LocalXmlResourceResolver (LocalXmlResourceResolver.java:91) - HHH90000012: Recognized obsolete hibernate namespace http://hibernate.sourceforge.net/hibernate-configuration. Use namespace http://www.hibernate.org/dtd/hibernate-configuration instead.  Support for obsolete DTD/XSD namespaces may be removed at any time.
INFO  | 2023-01-05 13:06:59 | [main] java.JavaReflectionManager (JavaReflectionManager.java:49) - HCANN000001: Hibernate Commons Annotations {5.1.0.Final}
WARN  | 2023-01-05 13:06:59 | [main] internal.DriverManagerConnectionProviderImpl (DriverManagerConnectionProviderImpl.java:72) - HHH10001002: Using Hibernate built-in connection pool (not for production use!)
INFO  | 2023-01-05 13:06:59 | [main] internal.DriverManagerConnectionProviderImpl (DriverManagerConnectionProviderImpl.java:115) - HHH10001005: using driver [com.mysql.cj.jdbc.Driver] at URL [jdbc:mysql://localhost:3306/hibdemo]
INFO  | 2023-01-05 13:06:59 | [main] internal.DriverManagerConnectionProviderImpl (DriverManagerConnectionProviderImpl.java:124) - HHH10001001: Connection properties: {password=****, user=root}
INFO  | 2023-01-05 13:06:59 | [main] internal.DriverManagerConnectionProviderImpl (DriverManagerConnectionProviderImpl.java:129) - HHH10001003: Autocommit mode: false
INFO  | 2023-01-05 13:06:59 | [main] internal.DriverManagerConnectionProviderImpl$PooledConnections (DriverManagerConnectionProviderImpl.java:249) - HHH000115: Hibernate connection pool size: 1 (min=1)
INFO  | 2023-01-05 13:06:59 | [main] dialect.Dialect (Dialect.java:172) - HHH000400: Using dialect: org.hibernate.dialect.MySQL57Dialect
INFO  | 2023-01-05 13:07:00 | [main] internal.DdlTransactionIsolatorNonJtaImpl (DdlTransactionIsolatorNonJtaImpl.java:47) - HHH10001501: Connection obtained from JdbcConnectionAccess [org.hibernate.engine.jdbc.env.internal.JdbcEnvironmentInitiator$ConnectionProviderJdbcConnectionAccess@5348d83c] for (non-JTA) DDL execution was not in auto-commit mode; the Connection 'local transaction' will be committed and the Connection will be set into auto-commit mode.
INFO  | 2023-01-05 13:07:00 | [main] internal.JtaPlatformInitiator (JtaPlatformInitiator.java:52) - HHH000490: Using JtaPlatform implementation: [org.hibernate.engine.transaction.jta.platform.internal.NoJtaPlatform]
INFO  | 2023-01-05 13:07:00 | [main] internal.DriverManagerConnectionProviderImpl$PoolState (DriverManagerConnectionProviderImpl.java:418) - HHH10001008: Cleaning up connection pool [jdbc:mysql://localhost:3306/hibdemo]
INFO  | 2023-01-05 13:08:43 | [main] hibernate.Version (Version.java:46) - HHH000412: Hibernate Core {5.4.9.Final}
WARN  | 2023-01-05 13:08:43 | [main] stax.LocalXmlResourceResolver (LocalXmlResourceResolver.java:91) - HHH90000012: Recognized obsolete hibernate namespace http://hibernate.sourceforge.net/hibernate-configuration. Use namespace http://www.hibernate.org/dtd/hibernate-configuration instead.  Support for obsolete DTD/XSD namespaces may be removed at any time.
INFO  | 2023-01-05 13:08:43 | [main] java.JavaReflectionManager (JavaReflectionManager.java:49) - HCANN000001: Hibernate Commons Annotations {5.1.0.Final}
WARN  | 2023-01-05 13:08:44 | [main] internal.DriverManagerConnectionProviderImpl (DriverManagerConnectionProviderImpl.java:72) - HHH10001002: Using Hibernate built-in connection pool (not for production use!)
INFO  | 2023-01-05 13:08:44 | [main] internal.DriverManagerConnectionProviderImpl (DriverManagerConnectionProviderImpl.java:115) - HHH10001005: using driver [com.mysql.cj.jdbc.Driver] at URL [jdbc:mysql://localhost:3306/hibdemo]
INFO  | 2023-01-05 13:08:44 | [main] internal.DriverManagerConnectionProviderImpl (DriverManagerConnectionProviderImpl.java:124) - HHH10001001: Connection properties: {password=****, user=root}
INFO  | 2023-01-05 13:08:44 | [main] internal.DriverManagerConnectionProviderImpl (DriverManagerConnectionProviderImpl.java:129) - HHH10001003: Autocommit mode: false
INFO  | 2023-01-05 13:08:44 | [main] internal.DriverManagerConnectionProviderImpl$PooledConnections (DriverManagerConnectionProviderImpl.java:249) - HHH000115: Hibernate connection pool size: 1 (min=1)
INFO  | 2023-01-05 13:08:44 | [main] dialect.Dialect (Dialect.java:172) - HHH000400: Using dialect: org.hibernate.dialect.MySQL57Dialect
INFO  | 2023-01-05 13:08:45 | [main] internal.DdlTransactionIsolatorNonJtaImpl (DdlTransactionIsolatorNonJtaImpl.java:47) - HHH10001501: Connection obtained from JdbcConnectionAccess [org.hibernate.engine.jdbc.env.internal.JdbcEnvironmentInitiator$ConnectionProviderJdbcConnectionAccess@5934ca1e] for (non-JTA) DDL execution was not in auto-commit mode; the Connection 'local transaction' will be committed and the Connection will be set into auto-commit mode.
INFO  | 2023-01-05 13:08:45 | [main] internal.JtaPlatformInitiator (JtaPlatformInitiator.java:52) - HHH000490: Using JtaPlatform implementation: [org.hibernate.engine.transaction.jta.platform.internal.NoJtaPlatform]
INFO  | 2023-01-05 13:08:45 | [main] internal.DriverManagerConnectionProviderImpl$PoolState (DriverManagerConnectionProviderImpl.java:418) - HHH10001008: Cleaning up connection pool [jdbc:mysql://localhost:3306/hibdemo]
INFO  | 2023-01-05 13:09:09 | [main] hibernate.Version (Version.java:46) - HHH000412: Hibernate Core {5.4.9.Final}
WARN  | 2023-01-05 13:09:09 | [main] stax.LocalXmlResourceResolver (LocalXmlResourceResolver.java:91) - HHH90000012: Recognized obsolete hibernate namespace http://hibernate.sourceforge.net/hibernate-configuration. Use namespace http://www.hibernate.org/dtd/hibernate-configuration instead.  Support for obsolete DTD/XSD namespaces may be removed at any time.
INFO  | 2023-01-05 13:09:09 | [main] java.JavaReflectionManager (JavaReflectionManager.java:49) - HCANN000001: Hibernate Commons Annotations {5.1.0.Final}
WARN  | 2023-01-05 13:09:10 | [main] internal.DriverManagerConnectionProviderImpl (DriverManagerConnectionProviderImpl.java:72) - HHH10001002: Using Hibernate built-in connection pool (not for production use!)
INFO  | 2023-01-05 13:09:10 | [main] internal.DriverManagerConnectionProviderImpl (DriverManagerConnectionProviderImpl.java:115) - HHH10001005: using driver [com.mysql.cj.jdbc.Driver] at URL [jdbc:mysql://localhost:3306/hibdemo]
INFO  | 2023-01-05 13:09:10 | [main] internal.DriverManagerConnectionProviderImpl (DriverManagerConnectionProviderImpl.java:124) - HHH10001001: Connection properties: {password=****, user=root}
INFO  | 2023-01-05 13:09:10 | [main] internal.DriverManagerConnectionProviderImpl (DriverManagerConnectionProviderImpl.java:129) - HHH10001003: Autocommit mode: false
INFO  | 2023-01-05 13:09:10 | [main] internal.DriverManagerConnectionProviderImpl$PooledConnections (DriverManagerConnectionProviderImpl.java:249) - HHH000115: Hibernate connection pool size: 1 (min=1)
INFO  | 2023-01-05 13:09:10 | [main] dialect.Dialect (Dialect.java:172) - HHH000400: Using dialect: org.hibernate.dialect.MySQL57Dialect
INFO  | 2023-01-05 13:09:11 | [main] internal.DdlTransactionIsolatorNonJtaImpl (DdlTransactionIsolatorNonJtaImpl.java:47) - HHH10001501: Connection obtained from JdbcConnectionAccess [org.hibernate.engine.jdbc.env.internal.JdbcEnvironmentInitiator$ConnectionProviderJdbcConnectionAccess@5934ca1e] for (non-JTA) DDL execution was not in auto-commit mode; the Connection 'local transaction' will be committed and the Connection will be set into auto-commit mode.
INFO  | 2023-01-05 13:09:11 | [main] internal.JtaPlatformInitiator (JtaPlatformInitiator.java:52) - HHH000490: Using JtaPlatform implementation: [org.hibernate.engine.transaction.jta.platform.internal.NoJtaPlatform]
INFO  | 2023-01-05 13:09:11 | [main] internal.DriverManagerConnectionProviderImpl$PoolState (DriverManagerConnectionProviderImpl.java:418) - HHH10001008: Cleaning up connection pool [jdbc:mysql://localhost:3306/hibdemo]
INFO  | 2023-01-05 13:09:22 | [main] hibernate.Version (Version.java:46) - HHH000412: Hibernate Core {5.4.9.Final}
WARN  | 2023-01-05 13:09:22 | [main] stax.LocalXmlResourceResolver (LocalXmlResourceResolver.java:91) - HHH90000012: Recognized obsolete hibernate namespace http://hibernate.sourceforge.net/hibernate-configuration. Use namespace http://www.hibernate.org/dtd/hibernate-configuration instead.  Support for obsolete DTD/XSD namespaces may be removed at any time.
INFO  | 2023-01-05 13:09:23 | [main] java.JavaReflectionManager (JavaReflectionManager.java:49) - HCANN000001: Hibernate Commons Annotations {5.1.0.Final}
WARN  | 2023-01-05 13:09:23 | [main] internal.DriverManagerConnectionProviderImpl (DriverManagerConnectionProviderImpl.java:72) - HHH10001002: Using Hibernate built-in connection pool (not for production use!)
INFO  | 2023-01-05 13:09:23 | [main] internal.DriverManagerConnectionProviderImpl (DriverManagerConnectionProviderImpl.java:115) - HHH10001005: using driver [com.mysql.cj.jdbc.Driver] at URL [jdbc:mysql://localhost:3306/hibdemo]
INFO  | 2023-01-05 13:09:23 | [main] internal.DriverManagerConnectionProviderImpl (DriverManagerConnectionProviderImpl.java:124) - HHH10001001: Connection properties: {password=****, user=root}
INFO  | 2023-01-05 13:09:23 | [main] internal.DriverManagerConnectionProviderImpl (DriverManagerConnectionProviderImpl.java:129) - HHH10001003: Autocommit mode: false
INFO  | 2023-01-05 13:09:23 | [main] internal.DriverManagerConnectionProviderImpl$PooledConnections (DriverManagerConnectionProviderImpl.java:249) - HHH000115: Hibernate connection pool size: 1 (min=1)
INFO  | 2023-01-05 13:09:23 | [main] dialect.Dialect (Dialect.java:172) - HHH000400: Using dialect: org.hibernate.dialect.MySQL57Dialect
INFO  | 2023-01-05 13:09:24 | [main] internal.DdlTransactionIsolatorNonJtaImpl (DdlTransactionIsolatorNonJtaImpl.java:47) - HHH10001501: Connection obtained from JdbcConnectionAccess [org.hibernate.engine.jdbc.env.internal.JdbcEnvironmentInitiator$ConnectionProviderJdbcConnectionAccess@5934ca1e] for (non-JTA) DDL execution was not in auto-commit mode; the Connection 'local transaction' will be committed and the Connection will be set into auto-commit mode.
INFO  | 2023-01-05 13:09:24 | [main] internal.JtaPlatformInitiator (JtaPlatformInitiator.java:52) - HHH000490: Using JtaPlatform implementation: [org.hibernate.engine.transaction.jta.platform.internal.NoJtaPlatform]
INFO  | 2023-01-05 13:09:24 | [main] internal.DriverManagerConnectionProviderImpl$PoolState (DriverManagerConnectionProviderImpl.java:418) - HHH10001008: Cleaning up connection pool [jdbc:mysql://localhost:3306/hibdemo]
INFO  | 2023-01-05 13:10:21 | [main] hibernate.Version (Version.java:46) - HHH000412: Hibernate Core {5.4.9.Final}
WARN  | 2023-01-05 13:10:22 | [main] stax.LocalXmlResourceResolver (LocalXmlResourceResolver.java:91) - HHH90000012: Recognized obsolete hibernate namespace http://hibernate.sourceforge.net/hibernate-configuration. Use namespace http://www.hibernate.org/dtd/hibernate-configuration instead.  Support for obsolete DTD/XSD namespaces may be removed at any time.
INFO  | 2023-01-05 13:10:22 | [main] java.JavaReflectionManager (JavaReflectionManager.java:49) - HCANN000001: Hibernate Commons Annotations {5.1.0.Final}
WARN  | 2023-01-05 13:10:22 | [main] internal.DriverManagerConnectionProviderImpl (DriverManagerConnectionProviderImpl.java:72) - HHH10001002: Using Hibernate built-in connection pool (not for production use!)
INFO  | 2023-01-05 13:10:22 | [main] internal.DriverManagerConnectionProviderImpl (DriverManagerConnectionProviderImpl.java:115) - HHH10001005: using driver [com.mysql.cj.jdbc.Driver] at URL [jdbc:mysql://localhost:3306/hibdemo]
INFO  | 2023-01-05 13:10:22 | [main] internal.DriverManagerConnectionProviderImpl (DriverManagerConnectionProviderImpl.java:124) - HHH10001001: Connection properties: {password=****, user=root}
INFO  | 2023-01-05 13:10:22 | [main] internal.DriverManagerConnectionProviderImpl (DriverManagerConnectionProviderImpl.java:129) - HHH10001003: Autocommit mode: false
INFO  | 2023-01-05 13:10:22 | [main] internal.DriverManagerConnectionProviderImpl$PooledConnections (DriverManagerConnectionProviderImpl.java:249) - HHH000115: Hibernate connection pool size: 1 (min=1)
INFO  | 2023-01-05 13:10:23 | [main] dialect.Dialect (Dialect.java:172) - HHH000400: Using dialect: org.hibernate.dialect.MySQL57Dialect
INFO  | 2023-01-05 13:10:23 | [main] internal.DdlTransactionIsolatorNonJtaImpl (DdlTransactionIsolatorNonJtaImpl.java:47) - HHH10001501: Connection obtained from JdbcConnectionAccess [org.hibernate.engine.jdbc.env.internal.JdbcEnvironmentInitiator$ConnectionProviderJdbcConnectionAccess@5934ca1e] for (non-JTA) DDL execution was not in auto-commit mode; the Connection 'local transaction' will be committed and the Connection will be set into auto-commit mode.
INFO  | 2023-01-05 13:10:23 | [main] internal.JtaPlatformInitiator (JtaPlatformInitiator.java:52) - HHH000490: Using JtaPlatform implementation: [org.hibernate.engine.transaction.jta.platform.internal.NoJtaPlatform]
